<?xml version="1.0" encoding="UTF-8"?>
<!-- Generated by org.testng.reporters.JUnitReportReporter -->
<testsuite hostname="ARUN" failures="0" tests="1" name="test_cases.Login_Test" time="41.560" errors="0" timestamp="2022-08-04T15:33:00 IST" skipped="0">
  <testcase classname="test_cases.Login_Test" name="logintest" time="41.560"/>
  <system-out/>
</testsuite> <!-- test_cases.Login_Test -->
